<?xml version="1.0" encoding="UTF-8"?>
<!-- Generated by org.testng.reporters.JUnitReportReporter -->
<testsuite hostname="DESKTOP-8AUCDTA" failures="0" tests="1" name="TestCases.TC001_Login" time="4.833" errors="0" timestamp="2021-10-17T12:49:47 EDT" skipped="0">
  <testcase classname="TestCases.TC001_Login" name="login" time="4.833"/>
  <system-out/>
</testsuite> <!-- TestCases.TC001_Login -->
